<?xml version="1.0" encoding="UTF-8"?>
<testsuite name="hudson.FilePathTest" time="48.783" tests="24" errors="0" skipped="1" failures="0">
  <properties>
[...]
</properties>
  <testcase name="validateAntFileMaskBounded" classname="hudson.FilePathTest" time="1.269"/>
  <testcase name="errorMessageInRemoteCopyRecursive" classname="hudson.FilePathTest" time="34.844"/>
  <testcase name="listWithExcludes" classname="hudson.FilePathTest" time="0.03"/>
  <testcase name="normalization" classname="hudson.FilePathTest" time="0.063"/>
  <testcase name="copyTo" classname="hudson.FilePathTest" time="0.059"/>
  <testcase name="noRaceConditionInCopyTo" classname="hudson.FilePathTest" time="1.673"/>
  <testcase name="isUnix" classname="hudson.FilePathTest" time="0.054"/>
  <testcase name="noFileLeakInCopyTo" classname="hudson.FilePathTest" time="9.194"/>
  <testcase name="copyToWithPermission" classname="hudson.FilePathTest" time="0.943"/>
  <testcase name="repeatCopyRecursiveTo" classname="hudson.FilePathTest" time="0.031"/>
  <testcase name="archiveBug" classname="hudson.FilePathTest" time="0.119"/>
  <testcase name="deleteLongPathOnWindows" classname="hudson.FilePathTest" time="0.053"/>
  <testcase name="list" classname="hudson.FilePathTest" time="0.024"/>
  <testcase name="installIfNecessaryPerformsInstallation" classname="hudson.FilePathTest" time="0.164"/>
  <testcase name="installIfNecessaryAvoidsExcessiveDownloadsByUsingIfModifiedSince" classname="hudson.FilePathTest" time="0.019"/>
  <testcase name="moveAllChildrenTo" classname="hudson.FilePathTest" time="0.026"/>
  <testcase name="compressTarUntarRoundTrip" classname="hudson.FilePathTest" time="0.029"/>
  <testcase name="archiveBigFile" classname="hudson.FilePathTest" time="0">
    <skipped/>
  </testcase>
  <testcase name="getParent" classname="hudson.FilePathTest" time="0.009"/>
  <testcase name="multiSegmentRelativePaths" classname="hudson.FilePathTest" time="0.014"/>
  <testcase name="installIfNecessarySkipsDownloadWhenErroneous" classname="hudson.FilePathTest" time="0.014"/>
  <testcase name="validateAntFileMask" classname="hudson.FilePathTest" time="0.054"/>
  <testcase name="symlinkInTar" classname="hudson.FilePathTest" time="0.087"/>
  <testcase name="listWithDefaultExcludes" classname="hudson.FilePathTest" time="0.011"/>
</testsuite>